Arguments: 
  /usr/bin/node /usr/share/yarn/bin/yarn.js

PATH: 
  /usr/local/sbin:/usr/local/bin:/usr/sbin:/usr/bin:/sbin:/bin:/usr/games:/usr/local/games:/snap/bin

Yarn version: 
  1.22.5

Node version: 
  12.22.1

Platform: 
  linux x64

Trace: 
  SyntaxError: /var/www/html/package.json: Unexpected end of JSON input
      at JSON.parse (<anonymous>)
      at /usr/share/yarn/lib/cli.js:1625:59
      at Generator.next (<anonymous>)
      at step (/usr/share/yarn/lib/cli.js:310:30)
      at /usr/share/yarn/lib/cli.js:321:13

npm manifest: 
  {
      "name": "intuitio",
      "version": "0.7.0",
      "private": true,
      "scripts": {
          "dev": "next dev -p 80",
          "build": "next build && next export",
          "start": "next dev",
          "export": "npm run build && next export -o _static",
          "sass": "node-sass --watch scss/main.scss css/style.css --source-map css/style.css.map"
      },
      "resolutions": {
  "graceful-fs": "4.2.4"
  },
  "dependencies": {},

yarn manifest: 
  No manifest

Lockfile: 
  No lockfile
